Exception at PC 0x00007FF846824078
Exception at PC 0x00007FF846824078
Exception at PC 0x00007FF846824078
Exception at PC 0x00007FF846824078
Exception at PC 0x00007FF82104E132
Attemped to write at address 0x00007FF808F94AA4
Printing stacktrace...

[0]  [0x00007FF82104E132]
[1]  [0x00007FF82104E132]
[2]  [0x00007FF82104E194]
[3]  [0x00007FF820C9D0D7]
[4]  [0x00007FF820B82BCA]
[5]  [0x00007FF820B82FD1]
[6]  [0x00007FF82104EB2F]
[7]  [0x00007FF820F0C19D]
[8]  [0x00007FF820F05942]
[9]  [0x00007FF820F05AB5]
[10] (RtlDeactivateActivationContextUnsafeFast+0x1bf) [0x00007FF84A03389F]
[11] (LdrShutdownProcess+0x14b) [0x00007FF84A02200B]
[12] (RtlExitUserProcess+0xb4) [0x00007FF84A021EA4]
[13] (ExitProcess+0xa) [0x00007FF847A4CFEA]
[14] (exit+0x85) [0x00007FF84853A4B5]
[15] (initterm_e+0x231) [0x00007FF84853AB11]
[16]  [0x00000000004014CD]
[17]  [0x000000000040151B]
[18] (BaseThreadInitThunk+0x14) [0x00007FF847A384D4]
[19] (RtlUserThreadStart+0x21) [0x00007FF84A07E851]
Done
